  pch.cpp
  TestHarness.cpp
TestHarness.obj : error LNK2019: unresolved external symbol "public: void __cdecl Logger::Log::addTestResult(int,bool,class std::basic_string<char,struct std::char_traits<char>,class std::allocator<char> >,char *)" (?addTestResult@Log@Logger@@QEAAXH_NV?$basic_string@DU?$char_traits@D@std@@V?$allocator@D@2@@std@@PEAD@Z) referenced in function "public: bool __cdecl TestHarness::MyTestHarness::executer(class std::vector<void (__cdecl*)(void),class std::allocator<void (__cdecl*)(void)> >,class Logger::Log)" (?executer@MyTestHarness@TestHarness@@QEAA_NV?$vector@P6AXXZV?$allocator@P6AXXZ@std@@@std@@VLog@Logger@@@Z)
TestHarness.obj : error LNK2019: unresolved external symbol "public: void __cdecl Logger::Log::printLog(void)" (?printLog@Log@Logger@@QEAAXXZ) referenced in function "public: bool __cdecl TestHarness::MyTestHarness::executer(class std::vector<void (__cdecl*)(void),class std::allocator<void (__cdecl*)(void)> >,class Logger::Log)" (?executer@MyTestHarness@TestHarness@@QEAA_NV?$vector@P6AXXZV?$allocator@P6AXXZ@std@@@std@@VLog@Logger@@@Z)
C:\projects\Project2\Project2\TestHarness\x64\Debug\TestHarness.exe : fatal error LNK1120: 2 unresolved externals
